2012-06-06 08:24:38,946 [7] NHibernate.AdoNet.AbstractBatcher - Could not execute query: SELECT this_.Id as Id11_0_, this_.SerialNumber as SerialNu2_11_0_ FROM Settings_ShellDescriptorRecord this_ WHERE 1=1
System.Data.SqlServerCe.SqlCeException (0x80004005): ”казанна€ таблица не существует. [ Settings_ShellDescriptorRecord ]
   at System.Data.SqlServerCe.SqlCeCommand.ProcessResults(Int32 hr)
   at System.Data.SqlServerCe.SqlCeCommand.CompileQueryPlan()
   at System.Data.SqlServerCe.SqlCeCommand.ExecuteCommand(CommandBehavior behavior, String method, ResultSetOptions options)
   at System.Data.SqlServerCe.SqlCeCommand.ExecuteDbDataReader(CommandBehavior behavior)
   at System.Data.Common.DbCommand.System.Data.IDbCommand.ExecuteReader()
   at NHibernate.AdoNet.AbstractBatcher.ExecuteReader(IDbCommand cmd)
2012-06-06 08:24:38,980 [7] NHibernate.Util.ADOExceptionReporter - ”казанна€ таблица не существует. [ Settings_ShellDescriptorRecord ]
2012-06-06 08:24:38,984 [7] NHibernate.Util.ADOExceptionReporter - ”казанна€ таблица не существует. [ Settings_ShellDescriptorRecord ]
2012-06-06 08:41:00,126 [7] Orchard.Recipes.Services.RecipeStepExecutor - Recipe execution 3b339b05d6f64b7a89e4be485de674f2 was cancelled because a step failed to execute
System.InvalidOperationException: Sequence contains no matching element
   at System.Linq.Enumerable.Single[TSource](IEnumerable`1 source, Func`2 predicate)
   at Orchard.Environment.Features.FeatureManager.<>c__DisplayClass2d.<EnableFeature>b__20(String fId) in d:\Builds\OrchardFull\src\Orchard\Environment\Features\FeatureManager.cs:line 148
   at System.Linq.Enumerable.WhereSelectListIterator`2.MoveNext()
   at System.Linq.Enumerable.WhereEnumerableIterator`1.MoveNext()
   at System.Linq.Enumerable.ToDictionary[TSource,TKey,TElement](IEnumerable`1 source, Func`2 keySelector, Func`2 elementSelector, IEqualityComparer`1 comparer)
   at Orchard.Environment.Features.FeatureManager.<EnableFeature>b__1e(String currentFeatureId, IDictionary`2 featuresState) in d:\Builds\OrchardFull\src\Orchard\Environment\Features\FeatureManager.cs:line 147
   at Orchard.Environment.Features.FeatureManager.GetAffectedFeatures(String featureId, IDictionary`2 features, Func`3 getAffectedDependencies) in d:\Builds\OrchardFull\src\Orchard\Environment\Features\FeatureManager.cs:line 195
   at Orchard.Environment.Features.FeatureManager.EnableFeature(String featureId, IDictionary`2 availableFeatures, Boolean force) in d:\Builds\OrchardFull\src\Orchard\Environment\Features\FeatureManager.cs:line 153
   at Orchard.Environment.Features.FeatureManager.<>c__DisplayClass9.<EnableFeatures>b__4(String featureId) in d:\Builds\OrchardFull\src\Orchard\Environment\Features\FeatureManager.cs:line 73
   at System.Linq.Enumerable.WhereSelectListIterator`2.MoveNext()
   at System.Collections.Generic.List`1..ctor(IEnumerable`1 collection)
   at System.Linq.Enumerable.ToList[TSource](IEnumerable`1 source)
   at Orchard.Environment.Features.FeatureManager.EnableFeatures(IEnumerable`1 featureIds, Boolean force) in d:\Builds\OrchardFull\src\Orchard\Environment\Features\FeatureManager.cs:line 72
   at Orchard.Recipes.RecipeHandlers.FeatureRecipeHandler.ExecuteRecipeStep(RecipeContext recipeContext)
   at Orchard.Recipes.Services.RecipeStepExecutor.ExecuteNextStep(String executionId)
2012-06-06 08:41:00,266 [7] Orchard.Exceptions.DefaultExceptionPolicy - An unexpected exception was caught
System.Reflection.TargetInvocationException: Exception has been thrown by the target of an invocation. ---> Orchard.OrchardCoreException: Recipe execution with id 3b339b05d6f64b7a89e4be485de674f2 was cancelled because the "Feature" step failed to execute. The following exception was thrown: Sequence contains no matching element. Refer to the recipe journal for more information.
   at Orchard.Recipes.Services.RecipeStepExecutor.ExecuteNextStep(String executionId)
   at Orchard.Recipes.Services.RecipeScheduler.ExecuteWork(String executionId)
   --- End of inner exception stack trace ---
   at System.RuntimeMethodHandle._InvokeMethodFast(IRuntimeMethodInfo method, Object target, Object[] arguments, SignatureStruct& sig, MethodAttributes methodAttributes, RuntimeType typeOwner)
   at System.RuntimeMethodHandle.InvokeMethodFast(IRuntimeMethodInfo method, Object target, Object[] arguments, Signature sig, MethodAttributes methodAttributes, RuntimeType typeOwner)
   at System.Reflection.RuntimeMethodInfo.Invoke(Object obj, BindingFlags invokeAttr, Binder binder, Object[] parameters, CultureInfo culture, Boolean skipVisibilityChecks)
   at System.Reflection.RuntimeMethodInfo.Invoke(Object obj, BindingFlags invokeAttr, Binder binder, Object[] parameters, CultureInfo culture)
   at Orchard.Events.DefaultOrchardEventBus.TryInvokeMethod(IEventHandler eventHandler, Type interfaceType, String methodName, IDictionary`2 arguments, IEnumerable& returnValue) in d:\Builds\OrchardFull\src\Orchard\Events\DefaultOrchardEventBus.cs:line 80
   at Orchard.Events.DefaultOrchardEventBus.TryInvoke(IEventHandler eventHandler, String interfaceName, String methodName, IDictionary`2 arguments, IEnumerable& returnValue) in d:\Builds\OrchardFull\src\Orchard\Events\DefaultOrchardEventBus.cs:line 68
   at Orchard.Events.DefaultOrchardEventBus.TryNotifyHandler(IEventHandler eventHandler, String messageName, String interfaceName, String methodName, IDictionary`2 eventData, IEnumerable& returnValue) in d:\Builds\OrchardFull\src\Orchard\Events\DefaultOrchardEventBus.cs:line 52
2012-06-06 08:41:34,206 [23] Orchard.Recipes.Services.RecipeStepExecutor - Recipe execution 04c9073b6aa84ce2816103139e5fd197 was cancelled because a step failed to execute
System.InvalidOperationException: Sequence contains no matching element
   at System.Linq.Enumerable.Single[TSource](IEnumerable`1 source, Func`2 predicate)
   at Orchard.Environment.Features.FeatureManager.<>c__DisplayClass2d.<EnableFeature>b__20(String fId) in d:\Builds\OrchardFull\src\Orchard\Environment\Features\FeatureManager.cs:line 148
   at System.Linq.Enumerable.WhereSelectListIterator`2.MoveNext()
   at System.Linq.Enumerable.WhereEnumerableIterator`1.MoveNext()
   at System.Linq.Enumerable.ToDictionary[TSource,TKey,TElement](IEnumerable`1 source, Func`2 keySelector, Func`2 elementSelector, IEqualityComparer`1 comparer)
   at Orchard.Environment.Features.FeatureManager.<EnableFeature>b__1e(String currentFeatureId, IDictionary`2 featuresState) in d:\Builds\OrchardFull\src\Orchard\Environment\Features\FeatureManager.cs:line 147
   at Orchard.Environment.Features.FeatureManager.GetAffectedFeatures(String featureId, IDictionary`2 features, Func`3 getAffectedDependencies) in d:\Builds\OrchardFull\src\Orchard\Environment\Features\FeatureManager.cs:line 195
   at Orchard.Environment.Features.FeatureManager.EnableFeature(String featureId, IDictionary`2 availableFeatures, Boolean force) in d:\Builds\OrchardFull\src\Orchard\Environment\Features\FeatureManager.cs:line 153
   at Orchard.Environment.Features.FeatureManager.<>c__DisplayClass9.<EnableFeatures>b__4(String featureId) in d:\Builds\OrchardFull\src\Orchard\Environment\Features\FeatureManager.cs:line 73
   at System.Linq.Enumerable.WhereSelectListIterator`2.MoveNext()
   at System.Collections.Generic.List`1..ctor(IEnumerable`1 collection)
   at System.Linq.Enumerable.ToList[TSource](IEnumerable`1 source)
   at Orchard.Environment.Features.FeatureManager.EnableFeatures(IEnumerable`1 featureIds, Boolean force) in d:\Builds\OrchardFull\src\Orchard\Environment\Features\FeatureManager.cs:line 72
   at Orchard.Recipes.RecipeHandlers.FeatureRecipeHandler.ExecuteRecipeStep(RecipeContext recipeContext)
   at Orchard.Recipes.Services.RecipeStepExecutor.ExecuteNextStep(String executionId)
2012-06-06 08:41:34,250 [23] Orchard.Exceptions.DefaultExceptionPolicy - An unexpected exception was caught
System.Reflection.TargetInvocationException: Exception has been thrown by the target of an invocation. ---> Orchard.OrchardCoreException: Recipe execution with id 04c9073b6aa84ce2816103139e5fd197 was cancelled because the "Feature" step failed to execute. The following exception was thrown: Sequence contains no matching element. Refer to the recipe journal for more information.
   at Orchard.Recipes.Services.RecipeStepExecutor.ExecuteNextStep(String executionId)
   at Orchard.Recipes.Services.RecipeScheduler.ExecuteWork(String executionId)
   --- End of inner exception stack trace ---
   at System.RuntimeMethodHandle._InvokeMethodFast(IRuntimeMethodInfo method, Object target, Object[] arguments, SignatureStruct& sig, MethodAttributes methodAttributes, RuntimeType typeOwner)
   at System.RuntimeMethodHandle.InvokeMethodFast(IRuntimeMethodInfo method, Object target, Object[] arguments, Signature sig, MethodAttributes methodAttributes, RuntimeType typeOwner)
   at System.Reflection.RuntimeMethodInfo.Invoke(Object obj, BindingFlags invokeAttr, Binder binder, Object[] parameters, CultureInfo culture, Boolean skipVisibilityChecks)
   at System.Reflection.RuntimeMethodInfo.Invoke(Object obj, BindingFlags invokeAttr, Binder binder, Object[] parameters, CultureInfo culture)
   at Orchard.Events.DefaultOrchardEventBus.TryInvokeMethod(IEventHandler eventHandler, Type interfaceType, String methodName, IDictionary`2 arguments, IEnumerable& returnValue) in d:\Builds\OrchardFull\src\Orchard\Events\DefaultOrchardEventBus.cs:line 80
   at Orchard.Events.DefaultOrchardEventBus.TryInvoke(IEventHandler eventHandler, String interfaceName, String methodName, IDictionary`2 arguments, IEnumerable& returnValue) in d:\Builds\OrchardFull\src\Orchard\Events\DefaultOrchardEventBus.cs:line 68
   at Orchard.Events.DefaultOrchardEventBus.TryNotifyHandler(IEventHandler eventHandler, String messageName, String interfaceName, String methodName, IDictionary`2 eventData, IEnumerable& returnValue) in d:\Builds\OrchardFull\src\Orchard\Events\DefaultOrchardEventBus.cs:line 52
2012-06-06 09:02:41,114 [19] Orchard.DisplayManagement.Implementation.DefaultDisplayManager - RuntimeBinderException thrown from Action`1 by System.Action`1[[Orchard.DisplayManagement.Implementation.ShapeDisplayingContext, Orchard.Framework, Version=1.4.2.0, Culture=neutral, PublicKeyToken=null]]
Microsoft.CSharp.RuntimeBinder.RuntimeBinderException: Cannot implicitly convert type 'Orchard.Modules.Models.ModuleEntry' to 'Orchard.ContentManagement.ContentPart'
   at CallSite.Target(Closure , CallSite , Object )
   at System.Dynamic.UpdateDelegates.UpdateAndExecute1[T0,TRet](CallSite site, T0 arg0)
   at CallSite.Target(Closure , CallSite , Object )
   at Orchard.DesignerTools.Services.WidgetAlternatesFactory.<Displaying>b__5(ShapeDisplayingContext displayedContext)
   at Orchard.DisplayManagement.Implementation.DefaultDisplayManager.<>c__DisplayClassc.<Execute>b__5(Action`1 action) in d:\Builds\OrchardFull\src\Orchard\DisplayManagement\Implementation\DefaultDisplayManager.cs:line 78
   at Orchard.InvokeExtensions.Invoke[TEvents](IEnumerable`1 events, Action`1 dispatch, ILogger logger) in d:\Builds\OrchardFull\src\Orchard\InvokeExtensions.cs:line 19
2012-06-06 09:02:41,672 [19] Orchard.DisplayManagement.Implementation.DefaultDisplayManager - RuntimeBinderException thrown from Action`1 by System.Action`1[[Orchard.DisplayManagement.Implementation.ShapeDisplayingContext, Orchard.Framework, Version=1.4.2.0, Culture=neutral, PublicKeyToken=null]]
Microsoft.CSharp.RuntimeBinder.RuntimeBinderException: Cannot implicitly convert type 'Orchard.Modules.Models.ModuleEntry' to 'Orchard.ContentManagement.ContentPart'
   at CallSite.Target(Closure , CallSite , Object )
   at Orchard.DesignerTools.Services.WidgetAlternatesFactory.<Displaying>b__5(ShapeDisplayingContext displayedContext)
   at Orchard.DisplayManagement.Implementation.DefaultDisplayManager.<>c__DisplayClassc.<Execute>b__5(Action`1 action) in d:\Builds\OrchardFull\src\Orchard\DisplayManagement\Implementation\DefaultDisplayManager.cs:line 78
   at Orchard.InvokeExtensions.Invoke[TEvents](IEnumerable`1 events, Action`1 dispatch, ILogger logger) in d:\Builds\OrchardFull\src\Orchard\InvokeExtensions.cs:line 19
2012-06-06 09:02:41,673 [19] Orchard.DisplayManagement.Implementation.DefaultDisplayManager - RuntimeBinderException thrown from Action`1 by System.Action`1[[Orchard.DisplayManagement.Implementation.ShapeDisplayingContext, Orchard.Framework, Version=1.4.2.0, Culture=neutral, PublicKeyToken=null]]
Microsoft.CSharp.RuntimeBinder.RuntimeBinderException: Cannot implicitly convert type 'Orchard.Modules.Models.ModuleEntry' to 'Orchard.ContentManagement.ContentPart'
   at CallSite.Target(Closure , CallSite , Object )
   at Orchard.DesignerTools.Services.WidgetAlternatesFactory.<Displaying>b__5(ShapeDisplayingContext displayedContext)
   at Orchard.DisplayManagement.Implementation.DefaultDisplayManager.<>c__DisplayClassc.<Execute>b__5(Action`1 action) in d:\Builds\OrchardFull\src\Orchard\DisplayManagement\Implementation\DefaultDisplayManager.cs:line 78
   at Orchard.InvokeExtensions.Invoke[TEvents](IEnumerable`1 events, Action`1 dispatch, ILogger logger) in d:\Builds\OrchardFull\src\Orchard\InvokeExtensions.cs:line 19
2012-06-06 09:02:41,675 [19] Orchard.DisplayManagement.Implementation.DefaultDisplayManager - RuntimeBinderException thrown from Action`1 by System.Action`1[[Orchard.DisplayManagement.Implementation.ShapeDisplayingContext, Orchard.Framework, Version=1.4.2.0, Culture=neutral, PublicKeyToken=null]]
Microsoft.CSharp.RuntimeBinder.RuntimeBinderException: Cannot implicitly convert type 'Orchard.Modules.Models.ModuleEntry' to 'Orchard.ContentManagement.ContentPart'
   at CallSite.Target(Closure , CallSite , Object )
   at Orchard.DesignerTools.Services.WidgetAlternatesFactory.<Displaying>b__5(ShapeDisplayingContext displayedContext)
   at Orchard.DisplayManagement.Implementation.DefaultDisplayManager.<>c__DisplayClassc.<Execute>b__5(Action`1 action) in d:\Builds\OrchardFull\src\Orchard\DisplayManagement\Implementation\DefaultDisplayManager.cs:line 78
   at Orchard.InvokeExtensions.Invoke[TEvents](IEnumerable`1 events, Action`1 dispatch, ILogger logger) in d:\Builds\OrchardFull\src\Orchard\InvokeExtensions.cs:line 19
2012-06-06 09:02:41,676 [19] Orchard.DisplayManagement.Implementation.DefaultDisplayManager - RuntimeBinderException thrown from Action`1 by System.Action`1[[Orchard.DisplayManagement.Implementation.ShapeDisplayingContext, Orchard.Framework, Version=1.4.2.0, Culture=neutral, PublicKeyToken=null]]
Microsoft.CSharp.RuntimeBinder.RuntimeBinderException: Cannot implicitly convert type 'Orchard.Modules.Models.ModuleEntry' to 'Orchard.ContentManagement.ContentPart'
   at CallSite.Target(Closure , CallSite , Object )
   at Orchard.DesignerTools.Services.WidgetAlternatesFactory.<Displaying>b__5(ShapeDisplayingContext displayedContext)
   at Orchard.DisplayManagement.Implementation.DefaultDisplayManager.<>c__DisplayClassc.<Execute>b__5(Action`1 action) in d:\Builds\OrchardFull\src\Orchard\DisplayManagement\Implementation\DefaultDisplayManager.cs:line 78
   at Orchard.InvokeExtensions.Invoke[TEvents](IEnumerable`1 events, Action`1 dispatch, ILogger logger) in d:\Builds\OrchardFull\src\Orchard\InvokeExtensions.cs:line 19
2012-06-06 09:02:41,678 [19] Orchard.DisplayManagement.Implementation.DefaultDisplayManager - RuntimeBinderException thrown from Action`1 by System.Action`1[[Orchard.DisplayManagement.Implementation.ShapeDisplayingContext, Orchard.Framework, Version=1.4.2.0, Culture=neutral, PublicKeyToken=null]]
Microsoft.CSharp.RuntimeBinder.RuntimeBinderException: Cannot implicitly convert type 'Orchard.Modules.Models.ModuleEntry' to 'Orchard.ContentManagement.ContentPart'
   at CallSite.Target(Closure , CallSite , Object )
   at Orchard.DesignerTools.Services.WidgetAlternatesFactory.<Displaying>b__5(ShapeDisplayingContext displayedContext)
   at Orchard.DisplayManagement.Implementation.DefaultDisplayManager.<>c__DisplayClassc.<Execute>b__5(Action`1 action) in d:\Builds\OrchardFull\src\Orchard\DisplayManagement\Implementation\DefaultDisplayManager.cs:line 78
   at Orchard.InvokeExtensions.Invoke[TEvents](IEnumerable`1 events, Action`1 dispatch, ILogger logger) in d:\Builds\OrchardFull\src\Orchard\InvokeExtensions.cs:line 19
2012-06-06 09:02:41,679 [19] Orchard.DisplayManageme2012-06-06 09:40:48,811 [10] Orchard.DisplayManagement.Implementation.DefaultDisplayManager - RuntimeBinderException thrown from Action`1 by System.Action`1[[Orchard.DisplayManagement.Implementation.ShapeDisplayingContext, Orchard.Framework, Version=1.4.2.0, Culture=neutral, PublicKeyToken=null]]
Microsoft.CSharp.RuntimeBinder.RuntimeBinderException: Cannot implicitly convert type 'Orchard.Modules.Models.ModuleEntry' to 'Orchard.ContentManagement.ContentPart'
   at CallSite.Target(Closure , CallSite , Object )
   at System.Dynamic.UpdateDelegates.UpdateAndExecute1[T0,TRet](CallSite site, T0 arg0)
   at CallSite.Target(Closure , CallSite , Object )
   at Orchard.DesignerTools.Services.WidgetAlternatesFactory.<Displaying>b__5(ShapeDisplayingContext displayedContext)
   at Orchard.DisplayManagement.Implementation.DefaultDisplayManager.<>c__DisplayClassc.<Execute>b__5(Action`1 action) in d:\Builds\OrchardFull\src\Orchard\DisplayManagement\Implementation\DefaultDisplayManager.cs:line 78
   at Orchard.InvokeExtensions.Invoke[TEvents](IEnumerable`1 events, Action`1 dispatch, ILogger logger) in d:\Builds\OrchardFull\src\Orchard\InvokeExtensions.cs:line 19
2012-06-06 09:40:49,547 [10] Orchard.DisplayManagement.Implementation.DefaultDisplayManager - RuntimeBinderException thrown from Action`1 by System.Action`1[[Orchard.DisplayManagement.Implementation.ShapeDisplayingContext, Orchard.Framework, Version=1.4.2.0, Culture=neutral, PublicKeyToken=null]]
Microsoft.CSharp.RuntimeBinder.RuntimeBinderException: Cannot implicitly convert type 'Orchard.Modules.Models.ModuleEntry' to 'Orchard.ContentManagement.ContentPart'
   at CallSite.Target(Closure , CallSite , Object )
   at Orchard.DesignerTools.Services.WidgetAlternatesFactory.<Displaying>b__5(ShapeDisplayingContext displayedContext)
   at Orchard.DisplayManagement.Implementation.DefaultDisplayManager.<>c__DisplayClassc.<Execute>b__5(Action`1 action) in d:\Builds\OrchardFull\src\Orchard\DisplayManagement\Implementation\DefaultDisplayManager.cs:line 78
   at Orchard.InvokeExtensions.Invoke[TEvents](IEnumerable`1 events, Action`1 dispatch, ILogger logger) in d:\Builds\OrchardFull\src\Orchard\InvokeExtensions.cs:line 19
2012-06-06 09:40:49,548 [10] Orchard.DisplayManagement.Implementation.DefaultDisplayManager - RuntimeBinderException thrown from Action`1 by System.Action`1[[Orchard.DisplayManagement.Implementation.ShapeDisplayingContext, Orchard.Framework, Version=1.4.2.0, Culture=neutral, PublicKeyToken=null]]
Microsoft.CSharp.RuntimeBinder.RuntimeBinderException: Cannot implicitly convert type 'Orchard.Modules.Models.ModuleEntry' to 'Orchard.ContentManagement.ContentPart'
   at CallSite.Target(Closure , CallSite , Object )
   at Orchard.DesignerTools.Services.WidgetAlternatesFactory.<Displaying>b__5(ShapeDisplayingContext displayedContext)
   at Orchard.DisplayManagement.Implementation.DefaultDisplayManager.<>c__DisplayClassc.<Execute>b__5(Action`1 action) in d:\Builds\OrchardFull\src\Orchard\DisplayManagement\Implementation\DefaultDisplayManager.cs:line 78
   at Orchard.InvokeExtensions.Invoke[TEvents](IEnumerable`1 events, Action`1 dispatch, ILogger logger) in d:\Builds\OrchardFull\src\Orchard\InvokeExtensions.cs:line 19
2012-06-06 09:40:49,550 [10] Orchard.DisplayManagement.Implementation.DefaultDisplayManager - RuntimeBinderException thrown from Action`1 by System.Action`1[[Orchard.DisplayManagement.Implementation.ShapeDisplayingContext, Orchard.Framework, Version=1.4.2.0, Culture=neutral, PublicKeyToken=null]]
Microsoft.CSharp.RuntimeBinder.RuntimeBinderException: Cannot implicitly convert type 'Orchard.Modules.Models.ModuleEntry' to 'Orchard.ContentManagement.ContentPart'
   at CallSite.Target(Closure , CallSite , Object )
   at Orchard.DesignerTools.Services.WidgetAlternatesFactory.<Displaying>b__5(ShapeDisplayingContext displayedContext)
   at Orchard.DisplayManagement.Implementation.DefaultDisplayManager.<>c__DisplayClassc.<Execute>b__5(Action`1 action) in d:\Builds\OrchardFull\src\Orchard\DisplayManagement\Implementation\DefaultDisplayManager.cs:line 78
   at Orchard.InvokeExtensions.Invoke[TEvents](IEnumerable`1 events, Action`1 dispatch, ILogger logger) in d:\Builds\OrchardFull\src\Orchard\InvokeExtensions.cs:line 19
2012-06-06 09:40:49,552 [10] Orchard.DisplayManagement.Implementation.DefaultDisplayManager - RuntimeBinderException thrown from Action`1 by System.Action`1[[Orchard.DisplayManagement.Implementation.ShapeDisplayingContext, Orchard.Framework, Version=1.4.2.0, Culture=neutral, PublicKeyToken=null]]
Microsoft.CSharp.RuntimeBinder.RuntimeBinderException: Cannot implicitly convert type 'Orchard.Modules.Models.ModuleEntry' to 'Orchard.ContentManagement.ContentPart'
   at CallSite.Target(Closure , CallSite , Object )
   at Orchard.DesignerTools.Services.WidgetAlternatesFactory.<Displaying>b__5(ShapeDisplayingContext displayedContext)
   at Orchard.DisplayManagement.Implementation.DefaultDisplayManager.<>c__DisplayClassc.<Execute>b__5(Action`1 action) in d:\Builds\OrchardFull\src\Orchard\DisplayManagement\Implementation\DefaultDisplayManager.cs:line 78
   at Orchard.InvokeExtensions.Invoke[TEvents](IEnumerable`1 events, Action`1 dispatch, ILogger logger) in d:\Builds\OrchardFull\src\Orchard\InvokeExtensions.cs:line 19
2012-06-06 09:40:49,553 [10] Orchard.DisplayManagement.Implementation.DefaultDisplayManager - RuntimeBinderException thrown from Action`1 by System.Action`1[[Orchard.DisplayManagement.Implementation.ShapeDisplayingContext, Orchard.Framework, Version=1.4.2.0, Culture=neutral, PublicKeyToken=null]]
Microsoft.CSharp.RuntimeBinder.RuntimeBinderException: Cannot implicitly convert type 'Orchard.Modules.Models.ModuleEntry' to 'Orchard.ContentManagement.ContentPart'
   at CallSite.Target(Closure , CallSite , Object )
   at Orchard.DesignerTools.Services.WidgetAlternatesFactory.<Displaying>b__5(ShapeDisplayingContext displayedContext)
   at Orchard.DisplayManagement.Implementation.DefaultDisplayManager.<>c__DisplayClassc.<Execute>b__5(Action`1 action) in d:\Builds\OrchardFull\src\Orchard\DisplayManagement\Implementation\DefaultDisplayManager.cs:line 78
   at Orchard.InvokeExtensions.Invoke[TEvents](IEnumerable`1 events, Action`1 dispatch, ILogger logger) in d:\Builds\OrchardFull\src\Orchard\InvokeExtensions.cs:line 19
2012-06-06 09:40:49,555 [10] Orchard.DisplayManagement.Implementation.DefaultDisplayManager - RuntimeBinderException thrown from Action`1 by System.Action`1[[Orchard.DisplayManagement.Implementation.ShapeDisplayingContext, Orchard.Framework, Version=1.4.2.0, Culture=neutral, PublicKeyToken=null]]
Microsoft.CSharp.RuntimeBinder.RuntimeBinderException: Cannot implicitly convert type 'Orchard.Modules.Models.ModuleEntry' to 'Orchard.ContentManagement.ContentPart'
   at CallSite.Target(Closure , CallSite , Object )
   at Orchard.DesignerTools.Services.WidgetAlternatesFactory.<Displaying>b__5(ShapeDisplayingContext displayedContext)
   at Orchard.DisplayManagement.Implementation.DefaultDisplayManager.<>c__DisplayClassc.<Execute>b__5(Action`1 action) in d:\Builds\OrchardFull\src\Orchard\DisplayManagement\Implementation\DefaultDisplayManager.cs:line 78
   at Orchard.InvokeExtensions.Invoke[TEvents](IEnumerable`1 events, Action`1 dispatch, ILogger logger) in d:\Builds\OrchardFull\src\Orchard\InvokeExtensions.cs:line 19
2012-06-06 09:40:49,556 [10] Orchard.DisplayManagement.Implementation.DefaultDisplayManager - RuntimeBinderException thrown from Action`1 by System.Action`1[[Orchard.DisplayManagement.Implementation.ShapeDisplayingContext, Orchard.Framework, Version=1.4.2.0, Culture=neutral, PublicKeyToken=null]]
Microsoft.CSharp.RuntimeBinder.RuntimeBinderException: Cannot implicitly convert type 'Orchard.Modules.Models.ModuleEntry' to 'Orchard.ContentManagement.ContentPart'
   at CallSite.Target(Closure , CallSite , Object )
   at Orchard.DesignerTools.Services.WidgetAlternatesFactory.<Displaying>b__5(ShapeDisplayingContext displayedContext)
   at Orchard.DisplayManagement.Implementation.DefaultDisplayManager.<>c__DisplayClassc.<Execute>b__5(Action`1 action) in d:\Builds\OrchardFull\src\Orchard\DisplayManagement\Implementatio